Using pre-set license
Built from '2020.3/staging' branch; Version is '2020.3.19f1 (68f137dc9bbe) revision 6877495'; Using compiler version '192528614'; Build Type 'Release'
OS: 'Windows 7  (6.1.0) 64bit' Language: 'ru' Physical Memory: 7129 MB
BatchMode: 1, IsHumanControllingUs: 0, StartBugReporterOnCrash: 0, Is64bit: 1, IsPro: 0

COMMAND LINE ARGUMENTS:
C:\Program Files\Unity\Hub\Editor\2020.3.19f1\Editor\Unity.exe
-adb2
-batchMode
-noUpm
-name
AssetImportWorker0
-projectPath
C:/UnityProject/SpaceSolderPreview
-logFile
Logs/AssetImportWorker0.log
-srvPort
49928
Successfully changed project path to: C:/UnityProject/SpaceSolderPreview
C:/UnityProject/SpaceSolderPreview
Using Asset Import Pipeline V2.
Refreshing native plugins compatible for Editor in 95.03 ms, found 2 plugins.
Preloading 0 native plugins for Editor in 0.00 ms.
Initialize engine version: 2020.3.19f1 (68f137dc9bbe)
[Subsystems] Discovering subsystems at path C:/Program Files/Unity/Hub/Editor/2020.3.19f1/Editor/Data/Resources/UnitySubsystems
[Subsystems] Discovering subsystems at path C:/UnityProject/SpaceSolderPreview/Assets
GfxDevice: creating device client; threaded=0
d3d11: CreateDXGIFactory2(...) not found, fallbacking to CreateDXGIFactory1(...).
d3d11: QueryInterface(IDXGIFactory5) failed (80004002).
Direct3D:
    Version:  Direct3D 11.0 [level 11.0]
    Renderer: AMD Radeon(TM) R5 Graphics (ID=0x9851)
    Vendor:   
    VRAM:     1006 MB
    Driver:   15.301.2301.1002
Initialize mono
Mono path[0] = 'C:/Program Files/Unity/Hub/Editor/2020.3.19f1/Editor/Data/Managed'
Mono path[1] = 'C:/Program Files/Unity/Hub/Editor/2020.3.19f1/Editor/Data/MonoBleedingEdge/lib/mono/unityjit'
Mono config path = 'C:/Program Files/Unity/Hub/Editor/2020.3.19f1/Editor/Data/MonoBleedingEdge/etc'
Using monoOptions --debugger-agent=transport=dt_socket,embedding=1,server=y,suspend=n,address=127.0.0.1:56932
Begin MonoManager ReloadAssembly
Registering precompiled unity dll's ...
Register platform support module: C:/Program Files/Unity/Hub/Editor/2020.3.19f1/Editor/Data/PlaybackEngines/WindowsStandaloneSupport/UnityEditor.WindowsStandalone.Extensions.dll
Registered in 0.003130 seconds.
Native extension for WindowsStandalone target not found
Refreshing native plugins compatible for Editor in 97.99 ms, found 2 plugins.
Preloading 0 native plugins for Editor in 0.00 ms.
Mono: successfully reloaded assembly
- Completed reload, in  7.673 seconds
Domain Reload Profiling:
	ReloadAssembly (7673ms)
		BeginReloadAssembly (138ms)
			ExecutionOrderSort (0ms)
			DisableScriptedObjects (0ms)
			BackupInstance (0ms)
			ReleaseScriptingObjects (0ms)
			CreateAndSetChildDomain (2ms)
		EndReloadAssembly (1269ms)
			LoadAssemblies (133ms)
			RebuildTransferFunctionScriptingTraits (0ms)
			SetupTypeCache (473ms)
			ReleaseScriptCaches (0ms)
			RebuildScriptCaches (105ms)
			SetupLoadedEditorAssemblies (458ms)
				LogAssemblyErrors (0ms)
				InitializePlatformSupportModulesInManaged (11ms)
				SetLoadedEditorAssemblies (1ms)
				RefreshPlugins (98ms)
				BeforeProcessingInitializeOnLoad (42ms)
				ProcessInitializeOnLoadAttributes (227ms)
				ProcessInitializeOnLoadMethodAttributes (78ms)
				AfterProcessingInitializeOnLoad (0ms)
				EditorAssembliesLoaded (1ms)
			ExecutionOrderSort2 (0ms)
			AwakeInstancesAfterBackupRestoration (0ms)
Platform modules already initialized, skipping
Registering precompiled user dll's ...
Registered in 0.005585 seconds.
Begin MonoManager ReloadAssembly
Native extension for WindowsStandalone target not found
Refreshing native plugins compatible for Editor in 0.91 ms, found 2 plugins.
Preloading 0 native plugins for Editor in 0.00 ms.
Mono: successfully reloaded assembly
- Completed reload, in  3.087 seconds
Domain Reload Profiling:
	ReloadAssembly (3089ms)
		BeginReloadAssembly (402ms)
			ExecutionOrderSort (0ms)
			DisableScriptedObjects (13ms)
			BackupInstance (0ms)
			ReleaseScriptingObjects (0ms)
			CreateAndSetChildDomain (42ms)
		EndReloadAssembly (2507ms)
			LoadAssemblies (215ms)
			RebuildTransferFunctionScriptingTraits (0ms)
			SetupTypeCache (883ms)
			ReleaseScriptCaches (1ms)
			RebuildScriptCaches (186ms)
			SetupLoadedEditorAssemblies (888ms)
				LogAssemblyErrors (0ms)
				InitializePlatformSupportModulesInManaged (13ms)
				SetLoadedEditorAssemblies (1ms)
				RefreshPlugins (1ms)
				BeforeProcessingInitializeOnLoad (211ms)
				ProcessInitializeOnLoadAttributes (637ms)
				ProcessInitializeOnLoadMethodAttributes (13ms)
				AfterProcessingInitializeOnLoad (11ms)
				EditorAssembliesLoaded (1ms)
			ExecutionOrderSort2 (0ms)
			AwakeInstancesAfterBackupRestoration (19ms)
Platform modules already initialized, skipping
========================================================================
Worker process is ready to serve import requests
Launched and connected shader compiler UnityShaderCompiler.exe after 0.06 seconds
Refreshing native plugins compatible for Editor in 0.93 ms, found 2 plugins.
Preloading 0 native plugins for Editor in 0.00 ms.
Unloading 1418 Unused Serialized files (Serialized files now loaded: 0)
System memory in use before: 67.4 MB.
System memory in use after: 67.5 MB.

Unloading 16 unused Assets to reduce memory usage. Loaded Objects now: 1854.
Total: 9.580998 ms (FindLiveObjects: 0.749842 ms CreateObjectMapping: 0.200051 ms MarkObjects: 8.428723 ms  DeleteObjects: 0.196320 ms)

AssetImportParameters requested are different than current active one (requested -> active):
  custom:framework-win-MediaFoundation: 216162199b28c13a410421893ffa2e32 -> 
  custom:video-decoder-ogg-theora: a1e56fd34408186e4bbccfd4996cb3dc -> 
  custom:container-muxer-webm: aa71ff27fc2769a1b78a27578f13a17b -> 
  custom:container-demuxer-webm: 4f35f7cbe854078d1ac9338744f61a02 -> 
  custom:container-demuxer-ogg: 62fdf1f143b41e24485cea50d1cbac27 -> 
  custom:video-encoder-webm-vp8: eb34c28f22e8b96e1ab97ce403110664 -> 
  custom:video-decoder-webm-vp8: 9c59270c3fd7afecdb556c50c9e8de78 -> 
  custom:audio-decoder-ogg-vorbis: bf7c407c2cedff20999df2af8eb42d56 -> 
  custom:audio-encoder-webm-vorbis: bf7c407c2cedff20999df2af8eb42d56 -> 
========================================================================
Received Prepare
Registering precompiled user dll's ...
Registered in 0.005733 seconds.
Begin MonoManager ReloadAssembly
Native extension for WindowsStandalone target not found
Refreshing native plugins compatible for Editor in 0.97 ms, found 2 plugins.
Preloading 0 native plugins for Editor in 0.00 ms.
Mono: successfully reloaded assembly
- Completed reload, in  2.842 seconds
Domain Reload Profiling:
	ReloadAssembly (2843ms)
		BeginReloadAssembly (260ms)
			ExecutionOrderSort (0ms)
			DisableScriptedObjects (17ms)
			BackupInstance (0ms)
			ReleaseScriptingObjects (0ms)
			CreateAndSetChildDomain (77ms)
		EndReloadAssembly (2392ms)
			LoadAssemblies (230ms)
			RebuildTransferFunctionScriptingTraits (0ms)
			SetupTypeCache (879ms)
			ReleaseScriptCaches (2ms)
			RebuildScriptCaches (131ms)
			SetupLoadedEditorAssemblies (815ms)
				LogAssemblyErrors (0ms)
				InitializePlatformSupportModulesInManaged (14ms)
				SetLoadedEditorAssemblies (1ms)
				RefreshPlugins (1ms)
				BeforeProcessingInitializeOnLoad (203ms)
				ProcessInitializeOnLoadAttributes (572ms)
				ProcessInitializeOnLoadMethodAttributes (11ms)
				AfterProcessingInitializeOnLoad (12ms)
				EditorAssembliesLoaded (1ms)
			ExecutionOrderSort2 (0ms)
			AwakeInstancesAfterBackupRestoration (22ms)
Platform modules already initialized, skipping
Switching build target platform(19) subTarget(0) extendedPlatform(0) -> platform(13) subTarget(537395200) extendedPlatform(0)
Refreshing native plugins compatible for Editor in 0.92 ms, found 2 plugins.
Preloading 0 native plugins for Editor in 0.00 ms.
Unloading 1400 Unused Serialized files (Serialized files now loaded: 0)
System memory in use before: 65.5 MB.
System memory in use after: 65.6 MB.

Unloading 11 unused Assets to reduce memory usage. Loaded Objects now: 1856.
Total: 8.487479 ms (FindLiveObjects: 0.552122 ms CreateObjectMapping: 0.123108 ms MarkObjects: 7.750694 ms  DeleteObjects: 0.057357 ms)

AssetImportParameters requested are different than current active one (requested -> active):
  custom:framework-win-MediaFoundation: 216162199b28c13a410421893ffa2e32 -> 
  custom:video-decoder-ogg-theora: a1e56fd34408186e4bbccfd4996cb3dc -> 
  custom:container-muxer-webm: aa71ff27fc2769a1b78a27578f13a17b -> 
  custom:container-demuxer-webm: 4f35f7cbe854078d1ac9338744f61a02 -> 
  custom:container-demuxer-ogg: 62fdf1f143b41e24485cea50d1cbac27 -> 
  custom:video-encoder-webm-vp8: eb34c28f22e8b96e1ab97ce403110664 -> 
  custom:video-decoder-webm-vp8: 9c59270c3fd7afecdb556c50c9e8de78 -> 
  custom:graphics/normal-map-encoding: 01000000000000000000000000000000 -> 02000000000000000000000000000000
  custom:audio-decoder-ogg-vorbis: bf7c407c2cedff20999df2af8eb42d56 -> 
  custom:audio-encoder-webm-vorbis: bf7c407c2cedff20999df2af8eb42d56 -> 
========================================================================
Received Prepare
Refreshing native plugins compatible for Editor in 5.43 ms, found 2 plugins.
Preloading 0 native plugins for Editor in 0.00 ms.
Unloading 9 Unused Serialized files (Serialized files now loaded: 0)
System memory in use before: 37.9 MB.
System memory in use after: 38.1 MB.

Unloading 9 unused Assets to reduce memory usage. Loaded Objects now: 1856.
Total: 7.811782 ms (FindLiveObjects: 0.491034 ms CreateObjectMapping: 0.109585 ms MarkObjects: 7.158935 ms  DeleteObjects: 0.048964 ms)

AssetImportParameters requested are different than current active one (requested -> active):
  custom:framework-win-MediaFoundation: 216162199b28c13a410421893ffa2e32 -> 
  custom:video-decoder-ogg-theora: a1e56fd34408186e4bbccfd4996cb3dc -> 
  custom:container-muxer-webm: aa71ff27fc2769a1b78a27578f13a17b -> 
  custom:container-demuxer-webm: 4f35f7cbe854078d1ac9338744f61a02 -> 
  custom:container-demuxer-ogg: 62fdf1f143b41e24485cea50d1cbac27 -> 
  custom:video-encoder-webm-vp8: eb34c28f22e8b96e1ab97ce403110664 -> 
  custom:video-decoder-webm-vp8: 9c59270c3fd7afecdb556c50c9e8de78 -> 
  custom:audio-decoder-ogg-vorbis: bf7c407c2cedff20999df2af8eb42d56 -> 
  custom:audio-encoder-webm-vorbis: bf7c407c2cedff20999df2af8eb42d56 -> 
========================================================================
Received Import Request.
  path: Assets/_Game/Player.controller
  artifactKey: Guid(7a01444d4de027748859fe616d2f9f3b) Importer(815301076,1909f56bfc062723c751e8b465ee728b)
Start importing Assets/_Game/Player.controller using Guid(7a01444d4de027748859fe616d2f9f3b) Importer(815301076,1909f56bfc062723c751e8b465ee728b)  -> (artifact id: '9006dba55e6f9776e1d521b8d0287f15') in 0.184547 seconds 
  Import took 0.192038 seconds .

========================================================================
Received Import Request.
  Time since last request: 2.761126 seconds.
  path: Assets/_Game/Scripts/CameraFollow.cs
  artifactKey: Guid(273d525577db8b549ae34242d227cb3c) Importer(815301076,1909f56bfc062723c751e8b465ee728b)
Start importing Assets/_Game/Scripts/CameraFollow.cs using Guid(273d525577db8b549ae34242d227cb3c) Importer(815301076,1909f56bfc062723c751e8b465ee728b)  -> (artifact id: '9c19e8e762b2342d4d1a266fa09ff14c') in 0.023313 seconds 
  Import took 0.028709 seconds .

========================================================================
Received Import Request.
  Time since last request: 0.486538 seconds.
  path: Assets/_Game/Scripts/Gun.cs
  artifactKey: Guid(f0829f1b807ef7e4aa60e24dca7b5359) Importer(815301076,1909f56bfc062723c751e8b465ee728b)
Start importing Assets/_Game/Scripts/Gun.cs using Guid(f0829f1b807ef7e4aa60e24dca7b5359) Importer(815301076,1909f56bfc062723c751e8b465ee728b)  -> (artifact id: '4971a9e096dd867d6652314932ec865e') in 0.018178 seconds 
  Import took 0.023701 seconds .

========================================================================
Received Import Request.
  Time since last request: 0.808931 seconds.
  path: Assets/_Game/Scripts/Move.cs
  artifactKey: Guid(c7e55a6ed1604714d9118c46ce7c40fc) Importer(815301076,1909f56bfc062723c751e8b465ee728b)
Start importing Assets/_Game/Scripts/Move.cs using Guid(c7e55a6ed1604714d9118c46ce7c40fc) Importer(815301076,1909f56bfc062723c751e8b465ee728b)  -> (artifact id: '9193b05b0b7fcc104cc570a09b29b37e') in 0.017327 seconds 
  Import took 0.022956 seconds .

========================================================================
Received Import Request.
  Time since last request: 0.547912 seconds.
  path: Assets/_Game/Scripts/PlayerController.cs
  artifactKey: Guid(725834fdd6864444594df25dcbea58d1) Importer(815301076,1909f56bfc062723c751e8b465ee728b)
Start importing Assets/_Game/Scripts/PlayerController.cs using Guid(725834fdd6864444594df25dcbea58d1) Importer(815301076,1909f56bfc062723c751e8b465ee728b)  -> (artifact id: '955851037a3f460a1f2f9b8ee7b64069') in 0.017660 seconds 
  Import took 0.023225 seconds .

========================================================================
Received Import Request.
  Time since last request: 1.470340 seconds.
  path: Assets/_Game/Scripts/UiJoystick.cs
  artifactKey: Guid(0eb79b7345a9ad54d872b51eef50e583) Importer(815301076,1909f56bfc062723c751e8b465ee728b)
Start importing Assets/_Game/Scripts/UiJoystick.cs using Guid(0eb79b7345a9ad54d872b51eef50e583) Importer(815301076,1909f56bfc062723c751e8b465ee728b)  -> (artifact id: '8a8930c78994cf2cef74e59421500717') in 0.018195 seconds 
  Import took 0.023477 seconds .

========================================================================
Received Prepare
Registering precompiled user dll's ...
Registered in 0.005363 seconds.
Begin MonoManager ReloadAssembly
Native extension for WindowsStandalone target not found
Refreshing native plugins compatible for Editor in 0.91 ms, found 2 plugins.
Preloading 0 native plugins for Editor in 0.00 ms.
Mono: successfully reloaded assembly
- Completed reload, in  2.985 seconds
Domain Reload Profiling:
	ReloadAssembly (2986ms)
		BeginReloadAssembly (234ms)
			ExecutionOrderSort (0ms)
			DisableScriptedObjects (12ms)
			BackupInstance (0ms)
			ReleaseScriptingObjects (0ms)
			CreateAndSetChildDomain (73ms)
		EndReloadAssembly (2565ms)
			LoadAssemblies (219ms)
			RebuildTransferFunctionScriptingTraits (0ms)
			SetupTypeCache (1078ms)
			ReleaseScriptCaches (2ms)
			RebuildScriptCaches (169ms)
			SetupLoadedEditorAssemblies (766ms)
				LogAssemblyErrors (0ms)
				InitializePlatformSupportModulesInManaged (12ms)
				SetLoadedEditorAssemblies (1ms)
				RefreshPlugins (1ms)
				BeforeProcessingInitializeOnLoad (186ms)
				ProcessInitializeOnLoadAttributes (543ms)
				ProcessInitializeOnLoadMethodAttributes (11ms)
				AfterProcessingInitializeOnLoad (11ms)
				EditorAssembliesLoaded (1ms)
			ExecutionOrderSort2 (0ms)
			AwakeInstancesAfterBackupRestoration (19ms)
Platform modules already initialized, skipping
Switching build target platform(19) subTarget(0) extendedPlatform(0) -> platform(13) subTarget(537395200) extendedPlatform(0)
Refreshing native plugins compatible for Editor in 0.88 ms, found 2 plugins.
Preloading 0 native plugins for Editor in 0.00 ms.
Unloading 1395 Unused Serialized files (Serialized files now loaded: 0)
System memory in use before: 65.4 MB.
System memory in use after: 65.5 MB.

Unloading 16 unused Assets to reduce memory usage. Loaded Objects now: 1853.
Total: 8.933280 ms (FindLiveObjects: 0.867820 ms CreateObjectMapping: 0.247149 ms MarkObjects: 7.753959 ms  DeleteObjects: 0.059223 ms)

AssetImportParameters requested are different than current active one (requested -> active):
  custom:framework-win-MediaFoundation: 216162199b28c13a410421893ffa2e32 -> 
  custom:video-decoder-ogg-theora: a1e56fd34408186e4bbccfd4996cb3dc -> 
  custom:container-muxer-webm: aa71ff27fc2769a1b78a27578f13a17b -> 
  custom:container-demuxer-webm: 4f35f7cbe854078d1ac9338744f61a02 -> 
  custom:container-demuxer-ogg: 62fdf1f143b41e24485cea50d1cbac27 -> 
  custom:video-encoder-webm-vp8: eb34c28f22e8b96e1ab97ce403110664 -> 
  custom:video-decoder-webm-vp8: 9c59270c3fd7afecdb556c50c9e8de78 -> 
  custom:graphics/normal-map-encoding: 01000000000000000000000000000000 -> 02000000000000000000000000000000
  custom:audio-decoder-ogg-vorbis: bf7c407c2cedff20999df2af8eb42d56 -> 
  custom:audio-encoder-webm-vorbis: bf7c407c2cedff20999df2af8eb42d56 -> 
========================================================================
Received Prepare
Registering precompiled user dll's ...
Registered in 0.005208 seconds.
Begin MonoManager ReloadAssembly
Native extension for WindowsStandalone target not found
Refreshing native plugins compatible for Editor in 0.98 ms, found 2 plugins.
Preloading 0 native plugins for Editor in 0.00 ms.
Mono: successfully reloaded assembly
- Completed reload, in  3.065 seconds
Domain Reload Profiling:
	ReloadAssembly (3066ms)
		BeginReloadAssembly (235ms)
			ExecutionOrderSort (0ms)
			DisableScriptedObjects (15ms)
			BackupInstance (0ms)
			ReleaseScriptingObjects (0ms)
			CreateAndSetChildDomain (78ms)
		EndReloadAssembly (2644ms)
			LoadAssemblies (227ms)
			RebuildTransferFunctionScriptingTraits (0ms)
			SetupTypeCache (973ms)
			ReleaseScriptCaches (3ms)
			RebuildScriptCaches (133ms)
			SetupLoadedEditorAssemblies (902ms)
				LogAssemblyErrors (0ms)
				InitializePlatformSupportModulesInManaged (13ms)
				SetLoadedEditorAssemblies (1ms)
				RefreshPlugins (1ms)
				BeforeProcessingInitializeOnLoad (232ms)
				ProcessInitializeOnLoadAttributes (626ms)
				ProcessInitializeOnLoadMethodAttributes (16ms)
				AfterProcessingInitializeOnLoad (12ms)
				EditorAssembliesLoaded (1ms)
			ExecutionOrderSort2 (0ms)
			AwakeInstancesAfterBackupRestoration (23ms)
Platform modules already initialized, skipping
Switching build target platform(19) subTarget(0) extendedPlatform(0) -> platform(13) subTarget(537395200) extendedPlatform(0)
Refreshing native plugins compatible for Editor in 0.94 ms, found 2 plugins.
Preloading 0 native plugins for Editor in 0.00 ms.
Unloading 1395 Unused Serialized files (Serialized files now loaded: 0)
System memory in use before: 65.4 MB.
System memory in use after: 65.5 MB.

Unloading 11 unused Assets to reduce memory usage. Loaded Objects now: 1855.
Total: 8.423127 ms (FindLiveObjects: 0.573107 ms CreateObjectMapping: 0.130103 ms MarkObjects: 7.659296 ms  DeleteObjects: 0.054559 ms)

AssetImportParameters requested are different than current active one (requested -> active):
  custom:framework-win-MediaFoundation: 216162199b28c13a410421893ffa2e32 -> 
  custom:video-decoder-ogg-theora: a1e56fd34408186e4bbccfd4996cb3dc -> 
  custom:container-muxer-webm: aa71ff27fc2769a1b78a27578f13a17b -> 
  custom:container-demuxer-webm: 4f35f7cbe854078d1ac9338744f61a02 -> 
  custom:container-demuxer-ogg: 62fdf1f143b41e24485cea50d1cbac27 -> 
  custom:video-encoder-webm-vp8: eb34c28f22e8b96e1ab97ce403110664 -> 
  custom:video-decoder-webm-vp8: 9c59270c3fd7afecdb556c50c9e8de78 -> 
  custom:graphics/normal-map-encoding: 01000000000000000000000000000000 -> 02000000000000000000000000000000
  custom:audio-decoder-ogg-vorbis: bf7c407c2cedff20999df2af8eb42d56 -> 
  custom:audio-encoder-webm-vorbis: bf7c407c2cedff20999df2af8eb42d56 -> 
========================================================================
Received Import Request.
  Time since last request: 298.522620 seconds.
  path: Assets/_Game/targetFlash.prefab
  artifactKey: Guid(64d075ed48d77314598373031892a2a9) Importer(815301076,1909f56bfc062723c751e8b465ee728b)
Start importing Assets/_Game/targetFlash.prefab using Guid(64d075ed48d77314598373031892a2a9) Importer(815301076,1909f56bfc062723c751e8b465ee728b)  -> (artifact id: '81a45ba7a2f662c410e3528002f63479') in 0.364651 seconds 
  Import took 0.370941 seconds .

========================================================================
Received Import Request.
  Time since last request: 82.597174 seconds.
  path: Assets/_Game/Player
  artifactKey: Guid(5a8c3e68336cbf8418a794ca9e137a99) Importer(815301076,1909f56bfc062723c751e8b465ee728b)
Start importing Assets/_Game/Player using Guid(5a8c3e68336cbf8418a794ca9e137a99) Importer(815301076,1909f56bfc062723c751e8b465ee728b)  -> (artifact id: 'ef2a076fda04495cf1af503c43085f9e') in 0.007795 seconds 
  Import took 0.013717 seconds .

========================================================================
Received Import Request.
  Time since last request: 19.608354 seconds.
  path: Assets/_Game/Player/Player.FBX
  artifactKey: Guid(df1f47a0a2effe74488d5da197295a19) Importer(815301076,1909f56bfc062723c751e8b465ee728b)
Start importing Assets/_Game/Player/Player.FBX using Guid(df1f47a0a2effe74488d5da197295a19) Importer(815301076,1909f56bfc062723c751e8b465ee728b)  -> (artifact id: 'f169cad1a0adef9a49e176972966b33d') in 1.333100 seconds 
  Import took 1.340834 seconds .

========================================================================
Received Import Request.
  Time since last request: 3.218943 seconds.
  path: Assets/_Game/Player/MuzzleFlash.fbx
  artifactKey: Guid(2ad21cc5b2a724b64ba4c729939d59d9) Importer(815301076,1909f56bfc062723c751e8b465ee728b)
Start importing Assets/_Game/Player/MuzzleFlash.fbx using Guid(2ad21cc5b2a724b64ba4c729939d59d9) Importer(815301076,1909f56bfc062723c751e8b465ee728b)  -> (artifact id: '162aad98b4ec867edc7b49077c50f81c') in 0.101162 seconds 
  Import took 0.108105 seconds .

========================================================================
Received Import Request.
  Time since last request: 7.708028 seconds.
  path: Assets/Explosions/Textures/Muzzle_Flash_Front_A.psd
  artifactKey: Guid(e0a74726c7d9b4ee09334ab50155ea80) Importer(815301076,1909f56bfc062723c751e8b465ee728b)
Start importing Assets/Explosions/Textures/Muzzle_Flash_Front_A.psd using Guid(e0a74726c7d9b4ee09334ab50155ea80) Importer(815301076,1909f56bfc062723c751e8b465ee728b)  -> (artifact id: 'e64a3a4bfbc5be95a256b1684842d374') in 0.089967 seconds 
  Import took 0.096200 seconds .

========================================================================
Received Import Request.
  Time since last request: 0.376801 seconds.
  path: Assets/Textures/Player.tif
  artifactKey: Guid(15e8834927ec3e445a626ae399fd97db) Importer(815301076,1909f56bfc062723c751e8b465ee728b)
Start importing Assets/Textures/Player.tif using Guid(15e8834927ec3e445a626ae399fd97db) Importer(815301076,1909f56bfc062723c751e8b465ee728b)  -> (artifact id: '70ef1c7ff3b009ccbfe472b8ca02ae56') in 0.068126 seconds 
  Import took 0.078221 seconds .

========================================================================
Received Import Request.
  Time since last request: 0.000840 seconds.
  path: Assets/Textures/Player_NRM.tif
  artifactKey: Guid(22c4cf005fa3c2e4784103319589fecf) Importer(815301076,1909f56bfc062723c751e8b465ee728b)
Start importing Assets/Textures/Player_NRM.tif using Guid(22c4cf005fa3c2e4784103319589fecf) Importer(815301076,1909f56bfc062723c751e8b465ee728b)  -> (artifact id: '9db7dbcda22b052cbd15e511833b047f') in 0.065616 seconds 
  Import took 0.075741 seconds .

========================================================================
Received Import Request.
  Time since last request: 0.000467 seconds.
  path: Assets/Textures/Effects/Reflections/CubeMaps/AirLock_1.cubemap
  artifactKey: Guid(559a41152e25c4e098ad879da2a5053a) Importer(815301076,1909f56bfc062723c751e8b465ee728b)
Start importing Assets/Textures/Effects/Reflections/CubeMaps/AirLock_1.cubemap using Guid(559a41152e25c4e098ad879da2a5053a) Importer(815301076,1909f56bfc062723c751e8b465ee728b)  -> (artifact id: 'e121742b8d66bd4e9964b145c539cdab') in 0.127224 seconds 
  Import took 0.133807 seconds .

========================================================================
Received Import Request.
  Time since last request: 140.653666 seconds.
  path: Assets
  artifactKey: Guid(00000000000000001000000000000000) Importer(815301076,1909f56bfc062723c751e8b465ee728b)
Start importing Assets using Guid(00000000000000001000000000000000) Importer(815301076,1909f56bfc062723c751e8b465ee728b)  -> (artifact id: '42d402b061de3733987d63b9cc3b64de') in 0.029598 seconds 
  Import took 0.037896 seconds .

========================================================================
Received Import Request.
  Time since last request: 10.264046 seconds.
  path: Assets/Location
  artifactKey: Guid(99633dbb0a4f4dd45b8b561a81082dd0) Importer(815301076,1909f56bfc062723c751e8b465ee728b)
Start importing Assets/Location using Guid(99633dbb0a4f4dd45b8b561a81082dd0) Importer(815301076,1909f56bfc062723c751e8b465ee728b)  -> (artifact id: 'e1c76d59dd58de27d3e24d14716cbb5b') in 0.020068 seconds 
  Import took 0.026102 seconds .

========================================================================
Received Import Request.
  Time since last request: 6.246968 seconds.
  path: Assets/Materials
  artifactKey: Guid(24a3ed2319baa7f4cb5650115cad010e) Importer(815301076,1909f56bfc062723c751e8b465ee728b)
Start importing Assets/Materials using Guid(24a3ed2319baa7f4cb5650115cad010e) Importer(815301076,1909f56bfc062723c751e8b465ee728b)  -> (artifact id: '3a0ab09bed9f10ebe0f3019aca71eb15') in 0.024561 seconds 
  Import took 0.030912 seconds .

========================================================================
Received Import Request.
  Time since last request: 3.896324 seconds.
  path: Assets/Textures
  artifactKey: Guid(45cd43c27b4de7244b5a3e1dca2e53f1) Importer(815301076,1909f56bfc062723c751e8b465ee728b)
Start importing Assets/Textures using Guid(45cd43c27b4de7244b5a3e1dca2e53f1) Importer(815301076,1909f56bfc062723c751e8b465ee728b)  -> (artifact id: 'a7637f25d508863cd77d9c4347002fc7') in 0.029959 seconds 
  Import took 0.037064 seconds .

========================================================================
Received Import Request.
  Time since last request: 1.692274 seconds.
  path: Assets/Shaders
  artifactKey: Guid(66db50d8ab8dca34fae202eedb74d30c) Importer(815301076,1909f56bfc062723c751e8b465ee728b)
Start importing Assets/Shaders using Guid(66db50d8ab8dca34fae202eedb74d30c) Importer(815301076,1909f56bfc062723c751e8b465ee728b)  -> (artifact id: '06233ba2bcecc931221b73f98b1afaff') in 0.021193 seconds 
  Import took 0.026948 seconds .

========================================================================
Received Import Request.
  Time since last request: 5.512907 seconds.
  path: Assets/Explosions
  artifactKey: Guid(c8cbc42d68e0d8d4d9a451002380f383) Importer(815301076,1909f56bfc062723c751e8b465ee728b)
Start importing Assets/Explosions using Guid(c8cbc42d68e0d8d4d9a451002380f383) Importer(815301076,1909f56bfc062723c751e8b465ee728b)  -> (artifact id: '130bf92022a7b44b8115cf6bb7827225') in 0.027609 seconds 
  Import took 0.035850 seconds .

========================================================================
Received Import Request.
  Time since last request: 2.991752 seconds.
  path: Assets/Explosions/Textures/blob.psd
  artifactKey: Guid(fb5d3487c412c4fa9ad41827a46623bb) Importer(815301076,1909f56bfc062723c751e8b465ee728b)
Start importing Assets/Explosions/Textures/blob.psd using Guid(fb5d3487c412c4fa9ad41827a46623bb) Importer(815301076,1909f56bfc062723c751e8b465ee728b)  -> (artifact id: 'f20e42f7c72e96c943cb14d4d694f258') in 0.042943 seconds 
  Import took 0.048741 seconds .

========================================================================
Received Import Request.
  Time since last request: 1.264184 seconds.
  path: Assets/Explosions/Textures/whiteBlob.psd
  artifactKey: Guid(9d05c439cf1b74b0090725b5852c56cb) Importer(815301076,1909f56bfc062723c751e8b465ee728b)
Start importing Assets/Explosions/Textures/whiteBlob.psd using Guid(9d05c439cf1b74b0090725b5852c56cb) Importer(815301076,1909f56bfc062723c751e8b465ee728b)  -> (artifact id: '1a193e07791069a5edf4fdc4bf6f519c') in 0.053900 seconds 
  Import took 0.062710 seconds .

========================================================================
Received Import Request.
  Time since last request: 17.381404 seconds.
  path: Assets/_Game/Player/Textures
  artifactKey: Guid(aba994331c1db504ba5dce94ff1adbab) Importer(815301076,1909f56bfc062723c751e8b465ee728b)
Start importing Assets/_Game/Player/Textures using Guid(aba994331c1db504ba5dce94ff1adbab) Importer(815301076,1909f56bfc062723c751e8b465ee728b)  -> (artifact id: '7dad5202fa4385743eb11326ab146821') in 0.007780 seconds 
  Import took 0.015742 seconds .

========================================================================
Received Import Request.
  Time since last request: 3.761944 seconds.
  path: Assets/_Game/Player/Materials
  artifactKey: Guid(c074544be008af44f838ac14af7d78bf) Importer(815301076,1909f56bfc062723c751e8b465ee728b)
Start importing Assets/_Game/Player/Materials using Guid(c074544be008af44f838ac14af7d78bf) Importer(815301076,1909f56bfc062723c751e8b465ee728b)  -> (artifact id: '7f2d7df909ba1d7382df00642ab73ea9') in 0.009481 seconds 
  Import took 0.015887 seconds .

========================================================================
Received Import Request.
  Time since last request: 4.082470 seconds.
  path: Assets/Joystick Pack
  artifactKey: Guid(3d3d3ac5888936346bce9d6d89d8e961) Importer(815301076,1909f56bfc062723c751e8b465ee728b)
Start importing Assets/Joystick Pack using Guid(3d3d3ac5888936346bce9d6d89d8e961) Importer(815301076,1909f56bfc062723c751e8b465ee728b)  -> (artifact id: '1ef452c408bd6d4ab042cb40f52ea70a') in 0.031969 seconds 
  Import took 0.039131 seconds .

========================================================================
Received Import Request.
  Time since last request: 11.653593 seconds.
  path: Assets/JoystickRes
  artifactKey: Guid(3d3d3ac5888936346bce9d6d89d8e961) Importer(815301076,1909f56bfc062723c751e8b465ee728b)
Start importing Assets/JoystickRes using Guid(3d3d3ac5888936346bce9d6d89d8e961) Importer(815301076,1909f56bfc062723c751e8b465ee728b)  -> (artifact id: '15865c31ab2f88feba6616d5aae4c4c3') in 0.021589 seconds 
  Import took 0.027930 seconds .

========================================================================
Received Import Request.
  Time since last request: 3.458140 seconds.
  path: Assets/JoystickRes/Sprites/Handles/Handle_Outline_Arrows.png
  artifactKey: Guid(5eda94a9dcf71e445ad17e3c065d1460) Importer(815301076,1909f56bfc062723c751e8b465ee728b)
Start importing Assets/JoystickRes/Sprites/Handles/Handle_Outline_Arrows.png using Guid(5eda94a9dcf71e445ad17e3c065d1460) Importer(815301076,1909f56bfc062723c751e8b465ee728b)  -> (artifact id: 'cd493ca03d19dfe18397339f7a235c89') in 0.111556 seconds 
  Import took 0.118573 seconds .

========================================================================
Received Import Request.
  Time since last request: 0.327291 seconds.
  path: Assets/JoystickRes/Sprites/Handles/Handle_Ridged.png
  artifactKey: Guid(3a74f678ee8f3bd49aacf3de1ae4bcaa) Importer(815301076,1909f56bfc062723c751e8b465ee728b)
Start importing Assets/JoystickRes/Sprites/Handles/Handle_Ridged.png using Guid(3a74f678ee8f3bd49aacf3de1ae4bcaa) Importer(815301076,1909f56bfc062723c751e8b465ee728b)  -> (artifact id: '3d55a39d72bc2a111ae3622778f6655e') in 0.075887 seconds 
  Import took 0.083784 seconds .

========================================================================
Received Import Request.
  Time since last request: 0.380359 seconds.
  path: Assets/JoystickRes/Sprites/Handles/Handle_Ridged_Arrows.png
  artifactKey: Guid(a6c56474666ce0647bdb766e9b4764b3) Importer(815301076,1909f56bfc062723c751e8b465ee728b)
Start importing Assets/JoystickRes/Sprites/Handles/Handle_Ridged_Arrows.png using Guid(a6c56474666ce0647bdb766e9b4764b3) Importer(815301076,1909f56bfc062723c751e8b465ee728b)  -> (artifact id: '1b5042551c487c8cb3b0fa649b9c9194') in 0.073580 seconds 
  Import took 0.080020 seconds .

========================================================================
Received Prepare
Registering precompiled user dll's ...
Registered in 0.005091 seconds.
Begin MonoManager ReloadAssembly
Native extension for WindowsStandalone target not found
Refreshing native plugins compatible for Editor in 0.77 ms, found 2 plugins.
Preloading 0 native plugins for Editor in 0.00 ms.
Mono: successfully reloaded assembly
- Completed reload, in  3.054 seconds
Domain Reload Profiling:
	ReloadAssembly (3055ms)
		BeginReloadAssembly (232ms)
			ExecutionOrderSort (0ms)
			DisableScriptedObjects (12ms)
			BackupInstance (0ms)
			ReleaseScriptingObjects (0ms)
			CreateAndSetChildDomain (75ms)
		EndReloadAssembly (2637ms)
			LoadAssemblies (219ms)
			RebuildTransferFunctionScriptingTraits (0ms)
			SetupTypeCache (855ms)
			ReleaseScriptCaches (4ms)
			RebuildScriptCaches (139ms)
			SetupLoadedEditorAssemblies (967ms)
				LogAssemblyErrors (0ms)
				InitializePlatformSupportModulesInManaged (13ms)
				SetLoadedEditorAssemblies (1ms)
				RefreshPlugins (1ms)
				BeforeProcessingInitializeOnLoad (222ms)
				ProcessInitializeOnLoadAttributes (700ms)
				ProcessInitializeOnLoadMethodAttributes (17ms)
				AfterProcessingInitializeOnLoad (12ms)
				EditorAssembliesLoaded (1ms)
			ExecutionOrderSort2 (0ms)
			AwakeInstancesAfterBackupRestoration (25ms)
Platform modules already initialized, skipping
Switching build target platform(19) subTarget(0) extendedPlatform(0) -> platform(13) subTarget(537395200) extendedPlatform(0)
Refreshing native plugins compatible for Editor in 1.77 ms, found 2 plugins.
Preloading 0 native plugins for Editor in 0.00 ms.
Unloading 1067 Unused Serialized files (Serialized files now loaded: 0)
System memory in use before: 76.3 MB.
System memory in use after: 76.5 MB.

Unloading 81 unused Assets to reduce memory usage. Loaded Objects now: 1829.
Total: 14.348647 ms (FindLiveObjects: 0.631863 ms CreateObjectMapping: 0.136165 ms MarkObjects: 13.308289 ms  DeleteObjects: 0.263470 ms)

AssetImportParameters requested are different than current active one (requested -> active):
  custom:framework-win-MediaFoundation: 216162199b28c13a410421893ffa2e32 -> 
  custom:video-decoder-ogg-theora: a1e56fd34408186e4bbccfd4996cb3dc -> 
  custom:container-muxer-webm: aa71ff27fc2769a1b78a27578f13a17b -> 
  custom:container-demuxer-webm: 4f35f7cbe854078d1ac9338744f61a02 -> 
  custom:container-demuxer-ogg: 62fdf1f143b41e24485cea50d1cbac27 -> 
  custom:video-encoder-webm-vp8: eb34c28f22e8b96e1ab97ce403110664 -> 
  custom:video-decoder-webm-vp8: 9c59270c3fd7afecdb556c50c9e8de78 -> 
  custom:graphics/normal-map-encoding: 01000000000000000000000000000000 -> 02000000000000000000000000000000
  custom:audio-decoder-ogg-vorbis: bf7c407c2cedff20999df2af8eb42d56 -> 
  custom:audio-encoder-webm-vorbis: bf7c407c2cedff20999df2af8eb42d56 -> 
========================================================================
Received Prepare
Registering precompiled user dll's ...
Registered in 0.005088 seconds.
Begin MonoManager ReloadAssembly
Native extension for WindowsStandalone target not found
Refreshing native plugins compatible for Editor in 1.71 ms, found 2 plugins.
Preloading 0 native plugins for Editor in 0.00 ms.
Mono: successfully reloaded assembly
- Completed reload, in  3.092 seconds
Domain Reload Profiling:
	ReloadAssembly (3094ms)
		BeginReloadAssembly (233ms)
			ExecutionOrderSort (0ms)
			DisableScriptedObjects (12ms)
			BackupInstance (0ms)
			ReleaseScriptingObjects (0ms)
			CreateAndSetChildDomain (74ms)
		EndReloadAssembly (2667ms)
			LoadAssemblies (225ms)
			RebuildTransferFunctionScriptingTraits (0ms)
			SetupTypeCache (921ms)
			ReleaseScriptCaches (2ms)
			RebuildScriptCaches (125ms)
			SetupLoadedEditorAssemblies (971ms)
				LogAssemblyErrors (0ms)
				InitializePlatformSupportModulesInManaged (13ms)
				SetLoadedEditorAssemblies (2ms)
				RefreshPlugins (2ms)
				BeforeProcessingInitializeOnLoad (222ms)
				ProcessInitializeOnLoadAttributes (697ms)
				ProcessInitializeOnLoadMethodAttributes (20ms)
				AfterProcessingInitializeOnLoad (14ms)
				EditorAssembliesLoaded (2ms)
			ExecutionOrderSort2 (0ms)
			AwakeInstancesAfterBackupRestoration (24ms)
Platform modules already initialized, skipping
Switching build target platform(19) subTarget(0) extendedPlatform(0) -> platform(13) subTarget(537395200) extendedPlatform(0)
Refreshing native plugins compatible for Editor in 0.79 ms, found 2 plugins.
Preloading 0 native plugins for Editor in 0.00 ms.
Unloading 1035 Unused Serialized files (Serialized files now loaded: 0)
System memory in use before: 75.3 MB.
System memory in use after: 75.4 MB.

Unloading 11 unused Assets to reduce memory usage. Loaded Objects now: 1831.
Total: 8.788721 ms (FindLiveObjects: 0.492900 ms CreateObjectMapping: 0.106321 ms MarkObjects: 8.120952 ms  DeleteObjects: 0.063419 ms)

AssetImportParameters requested are different than current active one (requested -> active):
  custom:framework-win-MediaFoundation: 216162199b28c13a410421893ffa2e32 -> 
  custom:video-decoder-ogg-theora: a1e56fd34408186e4bbccfd4996cb3dc -> 
  custom:container-muxer-webm: aa71ff27fc2769a1b78a27578f13a17b -> 
  custom:container-demuxer-webm: 4f35f7cbe854078d1ac9338744f61a02 -> 
  custom:container-demuxer-ogg: 62fdf1f143b41e24485cea50d1cbac27 -> 
  custom:video-encoder-webm-vp8: eb34c28f22e8b96e1ab97ce403110664 -> 
  custom:video-decoder-webm-vp8: 9c59270c3fd7afecdb556c50c9e8de78 -> 
  custom:graphics/normal-map-encoding: 01000000000000000000000000000000 -> 02000000000000000000000000000000
  custom:audio-decoder-ogg-vorbis: bf7c407c2cedff20999df2af8eb42d56 -> 
  custom:audio-encoder-webm-vorbis: bf7c407c2cedff20999df2af8eb42d56 -> 
========================================================================
Received Prepare
Registering precompiled user dll's ...
Registered in 0.001303 seconds.
Begin MonoManager ReloadAssembly
Native extension for WindowsStandalone target not found
Refreshing native plugins compatible for Editor in 0.55 ms, found 0 plugins.
Preloading 0 native plugins for Editor in 0.00 ms.
Mono: successfully reloaded assembly
- Completed reload, in  2.393 seconds
Domain Reload Profiling:
	ReloadAssembly (2394ms)
		BeginReloadAssembly (245ms)
			ExecutionOrderSort (0ms)
			DisableScriptedObjects (13ms)
			BackupInstance (0ms)
			ReleaseScriptingObjects (0ms)
			CreateAndSetChildDomain (78ms)
		EndReloadAssembly (1963ms)
			LoadAssemblies (208ms)
			RebuildTransferFunctionScriptingTraits (0ms)
			SetupTypeCache (583ms)
			ReleaseScriptCaches (2ms)
			RebuildScriptCaches (107ms)
			SetupLoadedEditorAssemblies (618ms)
				LogAssemblyErrors (0ms)
				InitializePlatformSupportModulesInManaged (14ms)
				SetLoadedEditorAssemblies (2ms)
				RefreshPlugins (1ms)
				BeforeProcessingInitializeOnLoad (217ms)
				ProcessInitializeOnLoadAttributes (357ms)
				ProcessInitializeOnLoadMethodAttributes (15ms)
				AfterProcessingInitializeOnLoad (10ms)
				EditorAssembliesLoaded (1ms)
			ExecutionOrderSort2 (0ms)
			AwakeInstancesAfterBackupRestoration (26ms)
Platform modules already initialized, skipping
Switching build target platform(19) subTarget(0) extendedPlatform(0) -> platform(13) subTarget(537395200) extendedPlatform(0)
Refreshing native plugins compatible for Editor in 0.42 ms, found 0 plugins.
Preloading 0 native plugins for Editor in 0.00 ms.
Unloading 641 Unused Serialized files (Serialized files now loaded: 0)
System memory in use before: 67.2 MB.
System memory in use after: 67.3 MB.

Unloading 4 unused Assets to reduce memory usage. Loaded Objects now: 1833.
Total: 6.756968 ms (FindLiveObjects: 0.455594 ms CreateObjectMapping: 0.099792 ms MarkObjects: 6.155416 ms  DeleteObjects: 0.041036 ms)

AssetImportParameters requested are different than current active one (requested -> active):
  custom:framework-win-MediaFoundation: 216162199b28c13a410421893ffa2e32 -> 
  custom:video-decoder-ogg-theora: a1e56fd34408186e4bbccfd4996cb3dc -> 
  custom:container-muxer-webm: aa71ff27fc2769a1b78a27578f13a17b -> 
  custom:container-demuxer-webm: 4f35f7cbe854078d1ac9338744f61a02 -> 
  custom:container-demuxer-ogg: 62fdf1f143b41e24485cea50d1cbac27 -> 
  custom:video-encoder-webm-vp8: eb34c28f22e8b96e1ab97ce403110664 -> 
  custom:video-decoder-webm-vp8: 9c59270c3fd7afecdb556c50c9e8de78 -> 
  custom:graphics/normal-map-encoding: 01000000000000000000000000000000 -> 02000000000000000000000000000000
  custom:audio-decoder-ogg-vorbis: bf7c407c2cedff20999df2af8eb42d56 -> 
  custom:audio-encoder-webm-vorbis: bf7c407c2cedff20999df2af8eb42d56 -> 
========================================================================
Received Prepare
Registering precompiled user dll's ...
Registered in 0.001290 seconds.
Begin MonoManager ReloadAssembly
Native extension for WindowsStandalone target not found
Refreshing native plugins compatible for Editor in 0.46 ms, found 0 plugins.
Preloading 0 native plugins for Editor in 0.00 ms.
Mono: successfully reloaded assembly
- Completed reload, in  2.561 seconds
Domain Reload Profiling:
	ReloadAssembly (2562ms)
		BeginReloadAssembly (218ms)
			ExecutionOrderSort (0ms)
			DisableScriptedObjects (13ms)
			BackupInstance (0ms)
			ReleaseScriptingObjects (0ms)
			CreateAndSetChildDomain (52ms)
		EndReloadAssembly (2158ms)
			LoadAssemblies (210ms)
			RebuildTransferFunctionScriptingTraits (0ms)
			SetupTypeCache (603ms)
			ReleaseScriptCaches (2ms)
			RebuildScriptCaches (139ms)
			SetupLoadedEditorAssemblies (692ms)
				LogAssemblyErrors (0ms)
				InitializePlatformSupportModulesInManaged (18ms)
				SetLoadedEditorAssemblies (1ms)
				RefreshPlugins (1ms)
				BeforeProcessingInitializeOnLoad (234ms)
				ProcessInitializeOnLoadAttributes (414ms)
				ProcessInitializeOnLoadMethodAttributes (11ms)
				AfterProcessingInitializeOnLoad (13ms)
				EditorAssembliesLoaded (1ms)
			ExecutionOrderSort2 (0ms)
			AwakeInstancesAfterBackupRestoration (22ms)
Platform modules already initialized, skipping
Switching build target platform(19) subTarget(0) extendedPlatform(0) -> platform(13) subTarget(537395200) extendedPlatform(0)
Refreshing native plugins compatible for Editor in 0.49 ms, found 0 plugins.
Preloading 0 native plugins for Editor in 0.00 ms.
Unloading 633 Unused Serialized files (Serialized files now loaded: 0)
System memory in use before: 67.0 MB.
System memory in use after: 67.1 MB.

Unloading 4 unused Assets to reduce memory usage. Loaded Objects now: 1835.
Total: 11.789020 ms (FindLiveObjects: 1.190980 ms CreateObjectMapping: 0.186994 ms MarkObjects: 10.325710 ms  DeleteObjects: 0.073212 ms)

AssetImportParameters requested are different than current active one (requested -> active):
  custom:framework-win-MediaFoundation: 216162199b28c13a410421893ffa2e32 -> 
  custom:video-decoder-ogg-theora: a1e56fd34408186e4bbccfd4996cb3dc -> 
  custom:container-muxer-webm: aa71ff27fc2769a1b78a27578f13a17b -> 
  custom:container-demuxer-webm: 4f35f7cbe854078d1ac9338744f61a02 -> 
  custom:container-demuxer-ogg: 62fdf1f143b41e24485cea50d1cbac27 -> 
  custom:video-encoder-webm-vp8: eb34c28f22e8b96e1ab97ce403110664 -> 
  custom:video-decoder-webm-vp8: 9c59270c3fd7afecdb556c50c9e8de78 -> 
  custom:graphics/normal-map-encoding: 01000000000000000000000000000000 -> 02000000000000000000000000000000
  custom:audio-decoder-ogg-vorbis: bf7c407c2cedff20999df2af8eb42d56 -> 
  custom:audio-encoder-webm-vorbis: bf7c407c2cedff20999df2af8eb42d56 -> 
AssetImportWorkerClient::OnTransportError - code=2 error=End of file
